Using pre-set license
Built from '2021.3/staging' branch; Version is '2021.3.9f1 (ad3870b89536) revision 11352176'; Using compiler version '192829333'; Build Type 'Release'
OS: 'Windows 10  (10.0.19044) 64bit Professional' Language: 'pt' Physical Memory: 3797 MB
BatchMode: 1, IsHumanControllingUs: 0, StartBugReporterOnCrash: 0, Is64bit: 1, IsPro: 1

COMMAND LINE ARGUMENTS:
C:\Program Files\Unity\Hub\Editor\2021.3.9f1\Editor\Unity.exe
-adb2
-batchMode
-noUpm
-name
AssetImportWorker0
-projectPath
C:/Users/heber/Desktop/Jogo-Comp-Grafica/JogoCG
-logFile
Logs/AssetImportWorker0.log
-srvPort
64964
Successfully changed project path to: C:/Users/heber/Desktop/Jogo-Comp-Grafica/JogoCG
C:/Users/heber/Desktop/Jogo-Comp-Grafica/JogoCG
[UnityMemory] Configuration Parameters - Can be set up in boot.config
    "memorysetup-bucket-allocator-granularity=16"
    "memorysetup-bucket-allocator-bucket-count=8"
    "memorysetup-bucket-allocator-block-size=33554432"
    "memorysetup-bucket-allocator-block-count=8"
    "memorysetup-main-allocator-block-size=16777216"
    "memorysetup-thread-allocator-block-size=16777216"
    "memorysetup-gfx-main-allocator-block-size=16777216"
    "memorysetup-gfx-thread-allocator-block-size=16777216"
    "memorysetup-cache-allocator-block-size=4194304"
    "memorysetup-typetree-allocator-block-size=2097152"
    "memorysetup-profiler-bucket-allocator-granularity=16"
    "memorysetup-profiler-bucket-allocator-bucket-count=8"
    "memorysetup-profiler-bucket-allocator-block-size=33554432"
    "memorysetup-profiler-bucket-allocator-block-count=8"
    "memorysetup-profiler-allocator-block-size=16777216"
    "memorysetup-profiler-editor-allocator-block-size=1048576"
    "memorysetup-temp-allocator-size-main=16777216"
    "memorysetup-job-temp-allocator-block-size=2097152"
    "memorysetup-job-temp-allocator-block-size-background=1048576"
    "memorysetup-job-temp-allocator-reduction-small-platforms=262144"
    "memorysetup-temp-allocator-size-background-worker=32768"
    "memorysetup-temp-allocator-size-job-worker=262144"
    "memorysetup-temp-allocator-size-preload-manager=33554432"
    "memorysetup-temp-allocator-size-nav-mesh-worker=65536"
    "memorysetup-temp-allocator-size-audio-worker=65536"
    "memorysetup-temp-allocator-size-cloud-worker=32768"
    "memorysetup-temp-allocator-size-gi-baking-worker=262144"
    "memorysetup-temp-allocator-size-gfx=262144"
Refreshing native plugins compatible for Editor in 333.41 ms, found 3 plugins.
Preloading 0 native plugins for Editor in 0.00 ms.
Initialize engine version: 2021.3.9f1 (ad3870b89536)
[Subsystems] Discovering subsystems at path C:/Program Files/Unity/Hub/Editor/2021.3.9f1/Editor/Data/Resources/UnitySubsystems
[Subsystems] Discovering subsystems at path C:/Users/heber/Desktop/Jogo-Comp-Grafica/JogoCG/Assets
GfxDevice: creating device client; threaded=0; jobified=0
Direct3D:
    Version:  Direct3D 11.0 [level 11.0]
    Renderer: Intel(R) HD Graphics 4000 (ID=0x166)
    Vendor:   Intel
    VRAM:     128 MB
    Driver:   10.18.10.4276
Initialize mono
Mono path[0] = 'C:/Program Files/Unity/Hub/Editor/2021.3.9f1/Editor/Data/Managed'
Mono path[1] = 'C:/Program Files/Unity/Hub/Editor/2021.3.9f1/Editor/Data/MonoBleedingEdge/lib/mono/unityjit-win32'
Mono config path = 'C:/Program Files/Unity/Hub/Editor/2021.3.9f1/Editor/Data/MonoBleedingEdge/etc'
Using monoOptions --debugger-agent=transport=dt_socket,embedding=1,server=y,suspend=n,address=127.0.0.1:56920
Begin MonoManager ReloadAssembly
Registering precompiled unity dll's ...
Register platform support module: C:/Program Files/Unity/Hub/Editor/2021.3.9f1/Editor/Data/PlaybackEngines/WebGLSupport/UnityEditor.WebGL.Extensions.dll
Register platform support module: C:/Program Files/Unity/Hub/Editor/2021.3.9f1/Editor/Data/PlaybackEngines/WindowsStandaloneSupport/UnityEditor.WindowsStandalone.Extensions.dll
Registered in 0.032868 seconds.
Native extension for WindowsStandalone target not found
Native extension for WebGL target not found
Refreshing native plugins compatible for Editor in 248.02 ms, found 3 plugins.
Preloading 0 native plugins for Editor in 0.00 ms.
Mono: successfully reloaded assembly
- Completed reload, in  2.774 seconds
Domain Reload Profiling:
	ReloadAssembly (2775ms)
		BeginReloadAssembly (320ms)
			ExecutionOrderSort (0ms)
			DisableScriptedObjects (0ms)
			BackupInstance (0ms)
			ReleaseScriptingObjects (0ms)
			CreateAndSetChildDomain (3ms)
		EndReloadAssembly (1963ms)
			LoadAssemblies (315ms)
			RebuildTransferFunctionScriptingTraits (3ms)
			SetupTypeCache (925ms)
			ReleaseScriptCaches (0ms)
			RebuildScriptCaches (74ms)
			SetupLoadedEditorAssemblies (768ms)
				LogAssemblyErrors (0ms)
				InitializePlatformSupportModulesInManaged (21ms)
				SetLoadedEditorAssemblies (0ms)
				RefreshPlugins (248ms)
				BeforeProcessingInitializeOnLoad (8ms)
				ProcessInitializeOnLoadAttributes (319ms)
				ProcessInitializeOnLoadMethodAttributes (171ms)
				AfterProcessingInitializeOnLoad (0ms)
				EditorAssembliesLoaded (0ms)
			ExecutionOrderSort2 (0ms)
			AwakeInstancesAfterBackupRestoration (0ms)
Platform modules already initialized, skipping
Registering precompiled user dll's ...
Registered in 0.023080 seconds.
Begin MonoManager ReloadAssembly
Symbol file LoadedFromMemory doesn't match image C:\Users\heber\Desktop\Jogo-Comp-Grafica\JogoCG\Library\PackageCache\com.unity.visualscripting@1.7.8\Editor\VisualScripting.Core\Dependencies\YamlDotNet\Unity.VisualScripting.YamlDotNet.dll
Symbol file LoadedFromMemory doesn't match image C:\Users\heber\Desktop\Jogo-Comp-Grafica\JogoCG\Library\PackageCache\com.unity.visualscripting@1.7.8\Editor\VisualScripting.Core\Dependencies\DotNetZip\Unity.VisualScripting.IonicZip.dll
Native extension for WindowsStandalone target not found
Native extension for WebGL target not found
Refreshing native plugins compatible for Editor in 207.52 ms, found 3 plugins.
Preloading 0 native plugins for Editor in 0.00 ms.
Mono: successfully reloaded assembly
- Completed reload, in  4.685 seconds
Domain Reload Profiling:
	ReloadAssembly (4686ms)
		BeginReloadAssembly (545ms)
			ExecutionOrderSort (0ms)
			DisableScriptedObjects (17ms)
			BackupInstance (0ms)
			ReleaseScriptingObjects (0ms)
			CreateAndSetChildDomain (47ms)
		EndReloadAssembly (3747ms)
			LoadAssemblies (673ms)
			RebuildTransferFunctionScriptingTraits (0ms)
			SetupTypeCache (1463ms)
			ReleaseScriptCaches (1ms)
			RebuildScriptCaches (157ms)
			SetupLoadedEditorAssemblies (1590ms)
				LogAssemblyErrors (0ms)
				InitializePlatformSupportModulesInManaged (17ms)
				SetLoadedEditorAssemblies (1ms)
				RefreshPlugins (208ms)
				BeforeProcessingInitializeOnLoad (235ms)
				ProcessInitializeOnLoadAttributes (1027ms)
				ProcessInitializeOnLoadMethodAttributes (81ms)
				AfterProcessingInitializeOnLoad (21ms)
				EditorAssembliesLoaded (0ms)
			ExecutionOrderSort2 (0ms)
			AwakeInstancesAfterBackupRestoration (16ms)
Platform modules already initialized, skipping
========================================================================
Worker process is ready to serve import requests
Launched and connected shader compiler UnityShaderCompiler.exe after 0.17 seconds
Refreshing native plugins compatible for Editor in 2.13 ms, found 3 plugins.
Preloading 0 native plugins for Editor in 0.00 ms.
Unloading 3977 Unused Serialized files (Serialized files now loaded: 0)
Unloading 43 unused Assets / (220.4 KB). Loaded Objects now: 4434.
Memory consumption went from 145.7 MB to 145.5 MB.
Total: 26.070700 ms (FindLiveObjects: 0.569600 ms CreateObjectMapping: 0.521800 ms MarkObjects: 23.915100 ms  DeleteObjects: 1.061700 ms)

AssetImportParameters requested are different than current active one (requested -> active):
  custom:video-decoder-ogg-theora: a1e56fd34408186e4bbccfd4996cb3dc -> 
  custom:container-muxer-webm: aa71ff27fc2769a1b78a27578f13a17b -> 
  custom:container-demuxer-webm: 4f35f7cbe854078d1ac9338744f61a02 -> 
  custom:video-encoder-webm-vp8: eb34c28f22e8b96e1ab97ce403110664 -> 
  custom:audio-encoder-webm-vorbis: bf7c407c2cedff20999df2af8eb42d56 -> 
  custom:framework-win-MediaFoundation: 216162199b28c13a410421893ffa2e32 -> 
  custom:container-demuxer-ogg: 62fdf1f143b41e24485cea50d1cbac27 -> 
  custom:video-decoder-webm-vp8: 9c59270c3fd7afecdb556c50c9e8de78 -> 
  custom:audio-decoder-ogg-vorbis: bf7c407c2cedff20999df2af8eb42d56 -> 
========================================================================
Received Import Request.
  Time since last request: 725754.198157 seconds.
  path: Assets/3Pessoa/InputSystem/StarterAssets.inputsettings.asset
  artifactKey: Guid(9e7be553448fa2546aea5752021cbcf7) Importer(815301076,1909f56bfc062723c751e8b465ee728b)
Start importing Assets/3Pessoa/InputSystem/StarterAssets.inputsettings.asset using Guid(9e7be553448fa2546aea5752021cbcf7) Importer(815301076,1909f56bfc062723c751e8b465ee728b)  -> (artifact id: '8d1bac6ac45b977466eabff33ed08503') in 0.213306 seconds 
========================================================================
Received Import Request.
  Time since last request: 0.000048 seconds.
  path: Assets/3Pessoa/InputSystem
  artifactKey: Guid(48c9acd554a28814b922162e3fa889b0) Importer(815301076,1909f56bfc062723c751e8b465ee728b)
Start importing Assets/3Pessoa/InputSystem using Guid(48c9acd554a28814b922162e3fa889b0) Importer(815301076,1909f56bfc062723c751e8b465ee728b)  -> (artifact id: '344c2cb541083c87c91834cee13bab01') in 0.035264 seconds 
========================================================================
Received Import Request.
  Time since last request: 0.000064 seconds.
  path: Assets/3Pessoa/InputSystem/StarterAssets.inputactions
  artifactKey: Guid(4419d82f33d36e848b3ed5af4c8da37e) Importer(815301076,1909f56bfc062723c751e8b465ee728b)
Start importing Assets/3Pessoa/InputSystem/StarterAssets.inputactions using Guid(4419d82f33d36e848b3ed5af4c8da37e) Importer(815301076,1909f56bfc062723c751e8b465ee728b)  -> (artifact id: 'd678195a9f2b7229dc716827a905aa84') in 0.073175 seconds 
========================================================================
Received Import Request.
  Time since last request: 4.694400 seconds.
  path: Assets/3Pessoa/InputSystem/ThirdPersonController
  artifactKey: Guid(54b90d7f60b179e4e9909cd127aa060d) Importer(815301076,1909f56bfc062723c751e8b465ee728b)
Start importing Assets/3Pessoa/InputSystem/ThirdPersonController using Guid(54b90d7f60b179e4e9909cd127aa060d) Importer(815301076,1909f56bfc062723c751e8b465ee728b)  -> (artifact id: '26a0e7b3c6b42ac925750c82348d4c12') in 0.037203 seconds 
========================================================================
Received Import Request.
  Time since last request: 2.081263 seconds.
  path: Assets/3Pessoa/InputSystem/ThirdPersonController/Nossa Cena
  artifactKey: Guid(89e5f9b6a0fcdae4e8ccb4b461925e8c) Importer(815301076,1909f56bfc062723c751e8b465ee728b)
Start importing Assets/3Pessoa/InputSystem/ThirdPersonController/Nossa Cena using Guid(89e5f9b6a0fcdae4e8ccb4b461925e8c) Importer(815301076,1909f56bfc062723c751e8b465ee728b)  -> (artifact id: '5b6bc8f2858bb04788ee999796497f01') in 0.026564 seconds 
========================================================================
Received Import Request.
  Time since last request: 0.118041 seconds.
  path: Assets/3Pessoa/InputSystem/ThirdPersonController/Nossa Cena/Environment Variant.prefab
  artifactKey: Guid(f7e72fc3c10ef4342a33848fd499d23a) Importer(815301076,1909f56bfc062723c751e8b465ee728b)
Start importing Assets/3Pessoa/InputSystem/ThirdPersonController/Nossa Cena/Environment Variant.prefab using Guid(f7e72fc3c10ef4342a33848fd499d23a) Importer(815301076,1909f56bfc062723c751e8b465ee728b)  -> (artifact id: 'f48d90ddbeba8c2a221eeadcb2362534') in 0.081401 seconds 
========================================================================
Received Import Request.
  Time since last request: 0.000877 seconds.
  path: Assets/3Pessoa/InputSystem/ThirdPersonController/Nossa Cena/GameOverMenu.prefab
  artifactKey: Guid(762edc2034566af41be7e590af7ee2de) Importer(815301076,1909f56bfc062723c751e8b465ee728b)
Start importing Assets/3Pessoa/InputSystem/ThirdPersonController/Nossa Cena/GameOverMenu.prefab using Guid(762edc2034566af41be7e590af7ee2de) Importer(815301076,1909f56bfc062723c751e8b465ee728b)  -> (artifact id: '683d8fb59c837cc0ae6dc8e87ff6b1ad') in 0.246604 seconds 
========================================================================
Received Import Request.
  Time since last request: 0.000051 seconds.
  path: Assets/3Pessoa/InputSystem/ThirdPersonController/Nossa Cena/MainCamera.prefab
  artifactKey: Guid(66bfe70cba38203449baed95a44b1892) Importer(815301076,1909f56bfc062723c751e8b465ee728b)
Start importing Assets/3Pessoa/InputSystem/ThirdPersonController/Nossa Cena/MainCamera.prefab using Guid(66bfe70cba38203449baed95a44b1892) Importer(815301076,1909f56bfc062723c751e8b465ee728b)  -> (artifact id: 'f3aa5a1c93abbe24a9cc084da22a8bcb') in 0.030491 seconds 
========================================================================
Received Import Request.
  Time since last request: 0.000036 seconds.
  path: Assets/3Pessoa/InputSystem/ThirdPersonController/Nossa Cena/PlayerArmature.prefab
  artifactKey: Guid(4703d366e60764a449f47f3326acdbc0) Importer(815301076,1909f56bfc062723c751e8b465ee728b)
Start importing Assets/3Pessoa/InputSystem/ThirdPersonController/Nossa Cena/PlayerArmature.prefab using Guid(4703d366e60764a449f47f3326acdbc0) Importer(815301076,1909f56bfc062723c751e8b465ee728b)  -> (artifact id: 'aade77124afe216db1cac6c28f1a9bc6') in 3.079285 seconds 
========================================================================
Received Import Request.
  Time since last request: 0.000068 seconds.
  path: Assets/3Pessoa/InputSystem/ThirdPersonController/Nossa Cena/UI_EventSystem.prefab
  artifactKey: Guid(81708e7f737f37d4980a0f5e965afdd4) Importer(815301076,1909f56bfc062723c751e8b465ee728b)
Start importing Assets/3Pessoa/InputSystem/ThirdPersonController/Nossa Cena/UI_EventSystem.prefab using Guid(81708e7f737f37d4980a0f5e965afdd4) Importer(815301076,1909f56bfc062723c751e8b465ee728b)  -> (artifact id: 'b63dcac03d31e88c129d5341825160b3') in 0.114820 seconds 
========================================================================
Received Import Request.
  Time since last request: 0.000841 seconds.
  path: Assets/3Pessoa/InputSystem/ThirdPersonController/Nossa Cena/PlayerFollowCamera.prefab
  artifactKey: Guid(464d8f7e5cda38048b2f17d561e90526) Importer(815301076,1909f56bfc062723c751e8b465ee728b)
Start importing Assets/3Pessoa/InputSystem/ThirdPersonController/Nossa Cena/PlayerFollowCamera.prefab using Guid(464d8f7e5cda38048b2f17d561e90526) Importer(815301076,1909f56bfc062723c751e8b465ee728b)  -> (artifact id: '6b560f4d04893372a7c29e82f8de0362') in 0.067896 seconds 
========================================================================
Received Import Request.
  Time since last request: 0.000654 seconds.
  path: Assets/3Pessoa/InputSystem/ThirdPersonController/Nossa Cena/Shadow Garden.asset
  artifactKey: Guid(8e2e6ffcd2c35994e9dd674053c7eca0) Importer(815301076,1909f56bfc062723c751e8b465ee728b)
Start importing Assets/3Pessoa/InputSystem/ThirdPersonController/Nossa Cena/Shadow Garden.asset using Guid(8e2e6ffcd2c35994e9dd674053c7eca0) Importer(815301076,1909f56bfc062723c751e8b465ee728b)  -> (artifact id: 'db5f3c7aec529d8f4984e5c0204221ce') in 0.242986 seconds 
========================================================================
Received Import Request.
  Time since last request: 0.000468 seconds.
  path: Assets/3Pessoa/InputSystem/ThirdPersonController/Nossa Cena/Game.unity
  artifactKey: Guid(753edc328466a84488e13eaa59973dc5) Importer(815301076,1909f56bfc062723c751e8b465ee728b)
Start importing Assets/3Pessoa/InputSystem/ThirdPersonController/Nossa Cena/Game.unity using Guid(753edc328466a84488e13eaa59973dc5) Importer(815301076,1909f56bfc062723c751e8b465ee728b)  -> (artifact id: '7d242619a8295ad172560238d34580be') in 0.059115 seconds 
